# JRE version: OpenJDK Runtime Environment Temurin-17.0.13+11 (17.0.13+11) (build 17.0.13+11)
# Java VM: OpenJDK 64-Bit Server VM Temurin-17.0.13+11 (17.0.13+11, mixed mode, tiered, compressed oops, compressed class ptrs, parallel gc, windows-amd64)
GC Precious Log:
 CPUs: 4 total, 4 available
 Memory: 6063M
 Large Page Support: Disabled
 NUMA Support: Disabled
 Compressed Oops: Enabled (32-bit)
 Alignments: Space 512K, Generation 512K, Heap 2M
 Heap Min Capacity: 100M
 Heap Initial Capacity: 100M
 Heap Max Capacity: 1G
 Pre-touch: Disabled
 Parallel Workers: 4
Heap:
 PSYoungGen      total 23552K, used 8740K [0x00000000eab00000, 0x00000000ec480000, 0x0000000100000000)
  eden space 20992K, 29% used [0x00000000eab00000,0x00000000eb111098,0x00000000ebf80000)
  from space 2560K, 98% used [0x00000000ebf80000,0x00000000ec1f8010,0x00000000ec200000)
  to   space 2560K, 0% used [0x00000000ec200000,0x00000000ec200000,0x00000000ec480000)
 ParOldGen       total 68608K, used 23466K [0x00000000c0000000, 0x00000000c4300000, 0x00000000eab00000)
  object space 68608K, 34% used [0x00000000c0000000,0x00000000c16ea9f0,0x00000000c4300000)
 Metaspace       used 39351K, committed 40128K, reserved 1114112K
  class space    used 4001K, committed 4352K, reserved 1048576K
GC Heap History (20 events):
Event: 34.632 GC heap before
{Heap before GC invocations=8 (full 1):
 PSYoungGen      total 27136K, used 27113K [0x00000000eab00000, 0x00000000ec900000, 0x0000000100000000)
  eden space 24576K, 100% used [0x00000000eab00000,0x00000000ec300000,0x00000000ec300000)
  from space 2560K, 99% used [0x00000000ec600000,0x00000000ec87a780,0x00000000ec880000)
  to   space 3072K, 0% used [0x00000000ec300000,0x00000000ec300000,0x00000000ec600000)
 ParOldGen       total 68608K, used 6929K [0x00000000c0000000, 0x00000000c4300000, 0x00000000eab00000)
  object space 68608K, 10% used [0x00000000c0000000,0x00000000c06c4448,0x00000000c4300000)
 Metaspace       used 30281K, committed 30784K, reserved 1114112K
  class space    used 2943K, committed 3136K, reserved 1048576K
}
Event: 34.636 GC heap after
{Heap after GC invocations=8 (full 1):
 PSYoungGen      total 27136K, used 3063K [0x00000000eab00000, 0x00000000ecb80000, 0x0000000100000000)
  eden space 24064K, 0% used [0x00000000eab00000,0x00000000eab00000,0x00000000ec280000)
  from space 3072K, 99% used [0x00000000ec300000,0x00000000ec5fddd8,0x00000000ec600000)
  to   space 4608K, 0% used [0x00000000ec700000,0x00000000ec700000,0x00000000ecb80000)
 ParOldGen       total 68608K, used 7926K [0x00000000c0000000, 0x00000000c4300000, 0x00000000eab00000)
  object space 68608K, 11% used [0x00000000c0000000,0x00000000c07bd978,0x00000000c4300000)
 Metaspace       used 30281K, committed 30784K, reserved 1114112K
  class space    used 2943K, committed 3136K, reserved 1048576K
}
Event: 39.333 GC heap before
{Heap before GC invocations=9 (full 1):
 PSYoungGen      total 27136K, used 27127K [0x00000000eab00000, 0x00000000ecb80000, 0x0000000100000000)
  eden space 24064K, 100% used [0x00000000eab00000,0x00000000ec280000,0x00000000ec280000)
  from space 3072K, 99% used [0x00000000ec300000,0x00000000ec5fddd8,0x00000000ec600000)
  to   space 4608K, 0% used [0x00000000ec700000,0x00000000ec700000,0x00000000ecb80000)
 ParOldGen       total 68608K, used 7926K [0x00000000c0000000, 0x00000000c4300000, 0x00000000eab00000)
  object space 68608K, 11% used [0x00000000c0000000,0x00000000c07bd978,0x00000000c4300000)
 Metaspace       used 34130K, committed 34816K, reserved 1114112K
  class space    used 3407K, committed 3712K, reserved 1048576K
}
Event: 39.336 GC heap after
{Heap after GC invocations=9 (full 1):
 PSYoungGen      total 27648K, used 4012K [0x00000000eab00000, 0x00000000ecb00000, 0x0000000100000000)
  eden space 23552K, 0% used [0x00000000eab00000,0x00000000eab00000,0x00000000ec200000)
  from space 4096K, 97% used [0x00000000ec700000,0x00000000ecaeb230,0x00000000ecb00000)
  to   space 4096K, 0% used [0x00000000ec300000,0x00000000ec300000,0x00000000ec700000)
 ParOldGen       total 68608K, used 7934K [0x00000000c0000000, 0x00000000c4300000, 0x00000000eab00000)
  object space 68608K, 11% used [0x00000000c0000000,0x00000000c07bf978,0x00000000c4300000)
 Metaspace       used 34130K, committed 34816K, reserved 1114112K
  class space    used 3407K, committed 3712K, reserved 1048576K
}
Event: 41.804 GC heap before
{Heap before GC invocations=10 (full 1):
 PSYoungGen      total 27648K, used 11923K [0x00000000eab00000, 0x00000000ecb00000, 0x0000000100000000)
  eden space 23552K, 33% used [0x00000000eab00000,0x00000000eb2b9db0,0x00000000ec200000)
  from space 4096K, 97% used [0x00000000ec700000,0x00000000ecaeb230,0x00000000ecb00000)
  to   space 4096K, 0% used [0x00000000ec300000,0x00000000ec300000,0x00000000ec700000)
 ParOldGen       total 68608K, used 7934K [0x00000000c0000000, 0x00000000c4300000, 0x00000000eab00000)
  object space 68608K, 11% used [0x00000000c0000000,0x00000000c07bf978,0x00000000c4300000)
 Metaspace       used 35279K, committed 35840K, reserved 1114112K
  class space    used 3547K, committed 3776K, reserved 1048576K
}
Event: 41.813 GC heap after
{Heap after GC invocations=10 (full 1):
 PSYoungGen      total 27136K, used 3171K [0x00000000eab00000, 0x00000000ec900000, 0x0000000100000000)
  eden space 23552K, 0% used [0x00000000eab00000,0x00000000eab00000,0x00000000ec200000)
  from space 3584K, 88% used [0x00000000ec300000,0x00000000ec618e78,0x00000000ec680000)
  to   space 2560K, 0% used [0x00000000ec680000,0x00000000ec680000,0x00000000ec900000)
 ParOldGen       total 68608K, used 9513K [0x00000000c0000000, 0x00000000c4300000, 0x00000000eab00000)
  object space 68608K, 13% used [0x00000000c0000000,0x00000000c094a798,0x00000000c4300000)
 Metaspace       used 35279K, committed 35840K, reserved 1114112K
  class space    used 3547K, committed 3776K, reserved 1048576K
}
Event: 41.813 GC heap before
{Heap before GC invocations=11 (full 2):
 PSYoungGen      total 27136K, used 3171K [0x00000000eab00000, 0x00000000ec900000, 0x0000000100000000)
  eden space 23552K, 0% used [0x00000000eab00000,0x00000000eab00000,0x00000000ec200000)
  from space 3584K, 88% used [0x00000000ec300000,0x00000000ec618e78,0x00000000ec680000)
  to   space 2560K, 0% used [0x00000000ec680000,0x00000000ec680000,0x00000000ec900000)
 ParOldGen       total 68608K, used 9513K [0x00000000c0000000, 0x00000000c4300000, 0x00000000eab00000)
  object space 68608K, 13% used [0x00000000c0000000,0x00000000c094a798,0x00000000c4300000)
 Metaspace       used 35279K, committed 35840K, reserved 1114112K
  class space    used 3547K, committed 3776K, reserved 1048576K
}
Event: 41.853 GC heap after
{Heap after GC invocations=11 (full 2):
 PSYoungGen      total 27136K, used 0K [0x00000000eab00000, 0x00000000ec900000, 0x0000000100000000)
  eden space 23552K, 0% used [0x00000000eab00000,0x00000000eab00000,0x00000000ec200000)
  from space 3584K, 0% used [0x00000000ec300000,0x00000000ec300000,0x00000000ec680000)
  to   space 2560K, 0% used [0x00000000ec680000,0x00000000ec680000,0x00000000ec900000)
 ParOldGen       total 68608K, used 12445K [0x00000000c0000000, 0x00000000c4300000, 0x00000000eab00000)
  object space 68608K, 18% used [0x00000000c0000000,0x00000000c0c275b8,0x00000000c4300000)
 Metaspace       used 35279K, committed 35840K, reserved 1114112K
  class space    used 3547K, committed 3776K, reserved 1048576K
}
Event: 45.645 GC heap before
{Heap before GC invocations=12 (full 2):
 PSYoungGen      total 27136K, used 23552K [0x00000000eab00000, 0x00000000ec900000, 0x0000000100000000)
  eden space 23552K, 100% used [0x00000000eab00000,0x00000000ec200000,0x00000000ec200000)
  from space 3584K, 0% used [0x00000000ec300000,0x00000000ec300000,0x00000000ec680000)
  to   space 2560K, 0% used [0x00000000ec680000,0x00000000ec680000,0x00000000ec900000)
 ParOldGen       total 68608K, used 12445K [0x00000000c0000000, 0x00000000c4300000, 0x00000000eab00000)
  object space 68608K, 18% used [0x00000000c0000000,0x00000000c0c275b8,0x00000000c4300000)
 Metaspace       used 38183K, committed 38912K, reserved 1114112K
  class space    used 3856K, committed 4160K, reserved 1048576K
}
Event: 45.647 GC heap after
{Heap after GC invocations=12 (full 2):
 PSYoungGen      total 24576K, used 1470K [0x00000000eab00000, 0x00000000ec800000, 0x0000000100000000)
  eden space 23040K, 0% used [0x00000000eab00000,0x00000000eab00000,0x00000000ec180000)
  from space 1536K, 95% used [0x00000000ec680000,0x00000000ec7efbc8,0x00000000ec800000)
  to   space 2560K, 0% used [0x00000000ec300000,0x00000000ec300000,0x00000000ec580000)
 ParOldGen       total 68608K, used 12453K [0x00000000c0000000, 0x00000000c4300000, 0x00000000eab00000)
  object space 68608K, 18% used [0x00000000c0000000,0x00000000c0c295b8,0x00000000c4300000)
 Metaspace       used 38183K, committed 38912K, reserved 1114112K
  class space    used 3856K, committed 4160K, reserved 1048576K
}
Event: 46.718 GC heap before
{Heap before GC invocations=13 (full 2):
 PSYoungGen      total 24576K, used 24510K [0x00000000eab00000, 0x00000000ec800000, 0x0000000100000000)
  eden space 23040K, 100% used [0x00000000eab00000,0x00000000ec180000,0x00000000ec180000)
  from space 1536K, 95% used [0x00000000ec680000,0x00000000ec7efbc8,0x00000000ec800000)
  to   space 2560K, 0% used [0x00000000ec300000,0x00000000ec300000,0x00000000ec580000)
 ParOldGen       total 68608K, used 12453K [0x00000000c0000000, 0x00000000c4300000, 0x00000000eab00000)
  object space 68608K, 18% used [0x00000000c0000000,0x00000000c0c295b8,0x00000000c4300000)
 Metaspace       used 38854K, committed 39680K, reserved 1114112K
  class space    used 3947K, committed 4288K, reserved 1048576K
}
Event: 46.727 GC heap after
{Heap after GC invocations=13 (full 2):
 PSYoungGen      total 25088K, used 2289K [0x00000000eab00000, 0x00000000ec700000, 0x0000000100000000)
  eden space 22528K, 0% used [0x00000000eab00000,0x00000000eab00000,0x00000000ec100000)
  from space 2560K, 89% used [0x00000000ec300000,0x00000000ec53c440,0x00000000ec580000)
  to   space 1536K, 0% used [0x00000000ec580000,0x00000000ec580000,0x00000000ec700000)
 ParOldGen       total 68608K, used 13847K [0x00000000c0000000, 0x00000000c4300000, 0x00000000eab00000)
  object space 68608K, 20% used [0x00000000c0000000,0x00000000c0d85c80,0x00000000c4300000)
 Metaspace       used 38854K, committed 39680K, reserved 1114112K
  class space    used 3947K, committed 4288K, reserved 1048576K
}
Event: 48.244 GC heap before
{Heap before GC invocations=14 (full 2):
 PSYoungGen      total 25088K, used 24817K [0x00000000eab00000, 0x00000000ec700000, 0x0000000100000000)
  eden space 22528K, 100% used [0x00000000eab00000,0x00000000ec100000,0x00000000ec100000)
  from space 2560K, 89% used [0x00000000ec300000,0x00000000ec53c440,0x00000000ec580000)
  to   space 1536K, 0% used [0x00000000ec580000,0x00000000ec580000,0x00000000ec700000)
 ParOldGen       total 68608K, used 13847K [0x00000000c0000000, 0x00000000c4300000, 0x00000000eab00000)
  object space 68608K, 20% used [0x00000000c0000000,0x00000000c0d85c80,0x00000000c4300000)
 Metaspace       used 39041K, committed 39808K, reserved 1114112K
  class space    used 3961K, committed 4288K, reserved 1048576K
}
Event: 48.261 GC heap after
{Heap after GC invocations=14 (full 2):
 PSYoungGen      total 22528K, used 1506K [0x00000000eab00000, 0x00000000ecc80000, 0x0000000100000000)
  eden space 20992K, 0% used [0x00000000eab00000,0x00000000eab00000,0x00000000ebf80000)
  from space 1536K, 98% used [0x00000000ec580000,0x00000000ec6f8800,0x00000000ec700000)
  to   space 6144K, 0% used [0x00000000ebf80000,0x00000000ebf80000,0x00000000ec580000)
 ParOldGen       total 68608K, used 17460K [0x00000000c0000000, 0x00000000c4300000, 0x00000000eab00000)
  object space 68608K, 25% used [0x00000000c0000000,0x00000000c110d1d0,0x00000000c4300000)
 Metaspace       used 39041K, committed 39808K, reserved 1114112K
  class space    used 3961K, committed 4288K, reserved 1048576K
}
Event: 48.878 GC heap before
{Heap before GC invocations=15 (full 2):
 PSYoungGen      total 22528K, used 22498K [0x00000000eab00000, 0x00000000ecc80000, 0x0000000100000000)
  eden space 20992K, 100% used [0x00000000eab00000,0x00000000ebf80000,0x00000000ebf80000)
  from space 1536K, 98% used [0x00000000ec580000,0x00000000ec6f8800,0x00000000ec700000)
  to   space 6144K, 0% used [0x00000000ebf80000,0x00000000ebf80000,0x00000000ec580000)
 ParOldGen       total 68608K, used 17460K [0x00000000c0000000, 0x00000000c4300000, 0x00000000eab00000)
  object space 68608K, 25% used [0x00000000c0000000,0x00000000c110d1d0,0x00000000c4300000)
 Metaspace       used 39350K, committed 40128K, reserved 1114112K
  class space    used 4001K, committed 4352K, reserved 1048576K
}
Event: 48.885 GC heap after
{Heap after GC invocations=15 (full 2):
 PSYoungGen      total 23552K, used 2112K [0x00000000eab00000, 0x00000000ec680000, 0x0000000100000000)
  eden space 20992K, 0% used [0x00000000eab00000,0x00000000eab00000,0x00000000ebf80000)
  from space 2560K, 82% used [0x00000000ebf80000,0x00000000ec190010,0x00000000ec200000)
  to   space 3584K, 0% used [0x00000000ec300000,0x00000000ec300000,0x00000000ec680000)
 ParOldGen       total 68608K, used 18990K [0x00000000c0000000, 0x00000000c4300000, 0x00000000eab00000)
  object space 68608K, 27% used [0x00000000c0000000,0x00000000c128b9e0,0x00000000c4300000)
 Metaspace       used 39350K, committed 40128K, reserved 1114112K
  class space    used 4001K, committed 4352K, reserved 1048576K
}
Event: 49.427 GC heap before
{Heap before GC invocations=16 (full 2):
 PSYoungGen      total 23552K, used 23104K [0x00000000eab00000, 0x00000000ec680000, 0x0000000100000000)
  eden space 20992K, 100% used [0x00000000eab00000,0x00000000ebf80000,0x00000000ebf80000)
  from space 2560K, 82% used [0x00000000ebf80000,0x00000000ec190010,0x00000000ec200000)
  to   space 3584K, 0% used [0x00000000ec300000,0x00000000ec300000,0x00000000ec680000)
 ParOldGen       total 68608K, used 18990K [0x00000000c0000000, 0x00000000c4300000, 0x00000000eab00000)
  object space 68608K, 27% used [0x00000000c0000000,0x00000000c128b9e0,0x00000000c4300000)
 Metaspace       used 39351K, committed 40128K, reserved 1114112K
  class space    used 4001K, committed 4352K, reserved 1048576K
}
Event: 49.433 GC heap after
{Heap after GC invocations=16 (full 2):
 PSYoungGen      total 23552K, used 2532K [0x00000000eab00000, 0x00000000ec580000, 0x0000000100000000)
  eden space 20992K, 0% used [0x00000000eab00000,0x00000000eab00000,0x00000000ebf80000)
  from space 2560K, 98% used [0x00000000ec300000,0x00000000ec579000,0x00000000ec580000)
  to   space 3072K, 0% used [0x00000000ebf80000,0x00000000ebf80000,0x00000000ec280000)
 ParOldGen       total 68608K, used 20998K [0x00000000c0000000, 0x00000000c4300000, 0x00000000eab00000)
  object space 68608K, 30% used [0x00000000c0000000,0x00000000c14819f0,0x00000000c4300000)
 Metaspace       used 39351K, committed 40128K, reserved 1114112K
  class space    used 4001K, committed 4352K, reserved 1048576K
}
Event: 49.795 GC heap before
{Heap before GC invocations=17 (full 2):
 PSYoungGen      total 23552K, used 23524K [0x00000000eab00000, 0x00000000ec580000, 0x0000000100000000)
  eden space 20992K, 100% used [0x00000000eab00000,0x00000000ebf80000,0x00000000ebf80000)
  from space 2560K, 98% used [0x00000000ec300000,0x00000000ec579000,0x00000000ec580000)
  to   space 3072K, 0% used [0x00000000ebf80000,0x00000000ebf80000,0x00000000ec280000)
 ParOldGen       total 68608K, used 20998K [0x00000000c0000000, 0x00000000c4300000, 0x00000000eab00000)
  object space 68608K, 30% used [0x00000000c0000000,0x00000000c14819f0,0x00000000c4300000)
 Metaspace       used 39351K, committed 40128K, reserved 1114112K
  class space    used 4001K, committed 4352K, reserved 1048576K
}
Event: 49.808 GC heap after
{Heap after GC invocations=17 (full 2):
 PSYoungGen      total 23552K, used 2528K [0x00000000eab00000, 0x00000000ec480000, 0x0000000100000000)
  eden space 20992K, 0% used [0x00000000eab00000,0x00000000eab00000,0x00000000ebf80000)
  from space 2560K, 98% used [0x00000000ebf80000,0x00000000ec1f8010,0x00000000ec200000)
  to   space 2560K, 0% used [0x00000000ec200000,0x00000000ec200000,0x00000000ec480000)
 ParOldGen       total 68608K, used 23466K [0x00000000c0000000, 0x00000000c4300000, 0x00000000eab00000)
  object space 68608K, 34% used [0x00000000c0000000,0x00000000c16ea9f0,0x00000000c4300000)
 Metaspace       used 39351K, committed 40128K, reserved 1114112K
  class space    used 4001K, committed 4352K, reserved 1048576K
}

